{"message":"Cast to ObjectId failed for value \"5b28b8732c888430228c85b\" at path \"_id\" for model \"User\"","name":"CastError","stringValue":"\"5b28b8732c888430228c85b\"","kind":"ObjectId","value":"5b28b8732c888430228c85b","path":"_id","level":"error"}
{"message":"Cast to ObjectId failed for value \"5b28b8732c888430228c85b\" at path \"_id\" for model \"User\"","name":"CastError","stringValue":"\"5b28b8732c888430228c85b\"","kind":"ObjectId","value":"5b28b8732c888430228c85b","path":"_id","level":"error"}
{"message":"Cast to ObjectId failed for value \"5b28b8732c888430228c85b\" at path \"_id\" for model \"User\"","name":"CastError","stringValue":"\"5b28b8732c888430228c85b\"","kind":"ObjectId","value":"5b28b8732c888430228c85b","path":"_id","level":"error"}
{"message":"Cast to ObjectId failed for value \"5b28b8732c888430228c85b\" at path \"_id\" for model \"User\"","name":"CastError","stringValue":"\"5b28b8732c888430228c85b\"","kind":"ObjectId","value":"5b28b8732c888430228c85b","path":"_id","level":"error"}
{"message":"Cast to ObjectId failed for value \"5b28b8732c888430228c85b\" at path \"_id\" for model \"User\"","name":"CastError","stringValue":"\"5b28b8732c888430228c85b\"","kind":"ObjectId","value":"5b28b8732c888430228c85b","path":"_id","level":"error"}
{"message":"Cast to ObjectId failed for value \"5b28b8732c888430228c85b\" at path \"_id\" for model \"User\"","name":"CastError","stringValue":"\"5b28b8732c888430228c85b\"","kind":"ObjectId","value":"5b28b8732c888430228c85b","path":"_id","level":"error"}
{"message":"Cast to ObjectId failed for value \"5b28b8732c888430228c85b\" at path \"_id\" for model \"User\"","name":"CastError","stringValue":"\"5b28b8732c888430228c85b\"","kind":"ObjectId","value":"5b28b8732c888430228c85b","path":"_id","level":"error"}
{"message":"Cast to ObjectId failed for value \"5b28b8732c888430228c85b\" at path \"_id\" for model \"User\"","name":"CastError","stringValue":"\"5b28b8732c888430228c85b\"","kind":"ObjectId","value":"5b28b8732c888430228c85b","path":"_id","level":"error"}
{"message":"Cast to ObjectId failed for value \"5b28b8732c888430228c85b\" at path \"_id\" for model \"User\"","name":"CastError","stringValue":"\"5b28b8732c888430228c85b\"","kind":"ObjectId","value":"5b28b8732c888430228c85b","path":"_id","level":"error"}
{"message":"Cast to ObjectId failed for value \"5b28b8732c888430228c85b\" at path \"_id\" for model \"User\"","name":"CastError","stringValue":"\"5b28b8732c888430228c85b\"","kind":"ObjectId","value":"5b28b8732c888430228c85b","path":"_id","level":"error"}
{"message":"Cast to ObjectId failed for value \"5b28b8732c888430228c85b\" at path \"_id\" for model \"User\"","name":"CastError","stringValue":"\"5b28b8732c888430228c85b\"","kind":"ObjectId","value":"5b28b8732c888430228c85b","path":"_id","level":"error"}
{"message":"Cast to ObjectId failed for value \"5b28b8732c888430228c85b\" at path \"_id\" for model \"User\"","name":"CastError","stringValue":"\"5b28b8732c888430228c85b\"","kind":"ObjectId","value":"5b28b8732c888430228c85b","path":"_id","level":"error"}
{"message":"Cast to ObjectId failed for value \"5b28b8732c888430228c85b\" at path \"_id\" for model \"User\"","name":"CastError","stringValue":"\"5b28b8732c888430228c85b\"","kind":"ObjectId","value":"5b28b8732c888430228c85b","path":"_id","level":"error"}
{"message":"Cast to ObjectId failed for value \"5b28b8732c888430228c85b\" at path \"_id\" for model \"User\"","name":"CastError","stringValue":"\"5b28b8732c888430228c85b\"","kind":"ObjectId","value":"5b28b8732c888430228c85b","path":"_id","level":"error"}
{"level":"error"}
{"level":"error"}
{"level":"error"}
{"level":"error"}
{"level":"error"}
{"message":"Cast to ObjectId failed for value \"5\" at path \"_id\" for model \"User\"","name":"CastError","stringValue":"\"5\"","kind":"ObjectId","value":"5","path":"_id","level":"error"}
{"message":"Cast to ObjectId failed for value \"5\" at path \"_id\" for model \"User\"","name":"CastError","stringValue":"\"5\"","kind":"ObjectId","value":"5","path":"_id","level":"error"}
{"message":"Cast to ObjectId failed for value \"5\" at path \"_id\" for model \"User\"","name":"CastError","stringValue":"\"5\"","kind":"ObjectId","value":"5","path":"_id","level":"error"}
{"message":"Cast to ObjectId failed for value \"5\" at path \"_id\" for model \"User\"","name":"CastError","stringValue":"\"5\"","kind":"ObjectId","value":"5","path":"_id","level":"error"}
{"message":"Cast to ObjectId failed for value \"5\" at path \"_id\" for model \"User\"","name":"CastError","stringValue":"\"5\"","kind":"ObjectId","value":"5","path":"_id","level":"error"}
{"message":"Cast to ObjectId failed for value \"5b28b8732c888430228c85b\" at path \"_id\" for model \"User\"","name":"CastError","stringValue":"\"5b28b8732c888430228c85b\"","kind":"ObjectId","value":"5b28b8732c888430228c85b","path":"_id","level":"error"}
{"message":"Cast to ObjectId failed for value \"5b28b8732c888430228c85b\" at path \"_id\" for model \"User\"","name":"CastError","stringValue":"\"5b28b8732c888430228c85b\"","kind":"ObjectId","value":"5b28b8732c888430228c85b","path":"_id","level":"error"}
{"level":"error"}
{"message":"Cast to ObjectId failed for value \"5b28b8732c888430228c85b\" at path \"_id\" for model \"User\"","name":"CastError","stringValue":"\"5b28b8732c888430228c85b\"","kind":"ObjectId","value":"5b28b8732c888430228c85b","path":"_id","level":"error"}
{"message":"Cast to ObjectId failed for value \"5b28b8732c888430228c85b\" at path \"_id\" for model \"User\"","name":"CastError","stringValue":"\"5b28b8732c888430228c85b\"","kind":"ObjectId","value":"5b28b8732c888430228c85b","path":"_id","level":"error"}
{"message":"Cast to ObjectId failed for value \"5\" at path \"_id\" for model \"User\"","name":"CastError","stringValue":"\"5\"","kind":"ObjectId","value":"5","path":"_id","level":"error"}
{"message":"Cast to ObjectId failed for value \"5\" at path \"_id\" for model \"User\"","name":"CastError","stringValue":"\"5\"","kind":"ObjectId","value":"5","path":"_id","level":"error"}
{"path":"/Users/FilmRental/web-projects/auto-map-server/templates/index.ejs","level":"error"}
{"path":"/Users/FilmRental/web-projects/auto-map-server/templates/index.ejs","level":"error"}
{"path":"/Users/FilmRental/web-projects/auto-map-server/templates/index.ejs","level":"error"}
{"level":"error"}
{"level":"error"}
{"level":"error"}
{"level":"error"}
{"level":"error"}
{"level":"error"}
{"level":"error"}
{"message":"Promis is not defined","level":"error"}
{"level":"error","message":"Promis is not defined"}
{"message":"ReferenceError: Promis is not defined\n    at User.findOne.then (/Users/FilmRental/web-projects/simbioz/simbioz-back-end/routes/registration.js:13:7)\n    at <anonymous>\n    at process._tickCallback (internal/process/next_tick.js:188:7)","level":"error"}
